Warning message:
In plasmid_classification(path_input_file = input_path, prob_threshold = thresh,  :
  !!! Be aware that predictions for sequences < 1000 bp can be misleading !!!
Building DAG of jobs...
Unlocking working directory.
Building DAG of jobs...
Using shell: /cvmfs/soft.computecanada.ca/gentoo/2020/bin/bash
Provided cores: 1
Rules claiming more threads will be scaled down.
Job counts:
	count	jobs
	1	awk_nodes
	1

[Thu Aug  3 23:32:41 2023]
Job 0: Extracting the nodes from the graph /home/chauvec/projects/ctb-chauvec/PLASMIDS/ARETE_PLASMIDS_PAPER/data/EColi_unicycler/SAMN32247327/assembly.gfa

[Thu Aug  3 23:32:41 2023]
Finished job 0.
1 of 1 steps (100%) done
Complete log: /project/6069942/PLASMIDS/ARETE_PLASMIDS_PAPER/exp/mlplasmids_gplas2/aux_100/SAMN32247327/.snakemake/log/2023-08-03T233241.229027.snakemake.log
Building DAG of jobs...
Unlocking working directory.
Building DAG of jobs...
Using shell: /cvmfs/soft.computecanada.ca/gentoo/2020/bin/bash
Provided cores: 1
Rules claiming more threads will be scaled down.
Job counts:
	count	jobs
	1	awk_links
	1	gplas_coocurr
	1	gplas_coverage
	1	gplas_paths
	4

[Thu Aug  3 23:32:46 2023]
Job 4: Extracting the links from the graph /home/chauvec/projects/ctb-chauvec/PLASMIDS/ARETE_PLASMIDS_PAPER/data/EColi_unicycler/SAMN32247327/assembly.gfa

[Thu Aug  3 23:32:46 2023]
Finished job 4.
1 of 4 steps (25%) done

[Thu Aug  3 23:32:46 2023]
Job 2: Extracting the sd k-mer coverage from the chromosome-predicted contigs

[Thu Aug  3 23:32:58 2023]
Finished job 2.
2 of 4 steps (50%) done

[Thu Aug  3 23:32:58 2023]
Job 3: Searching for plasmid-like walks using a greedy approach

[Thu Aug  3 23:35:36 2023]
Finished job 3.
3 of 4 steps (75%) done

[Thu Aug  3 23:35:36 2023]
Job 0: Generating weights for the set of new edges connecting plasmid unitigs

[Thu Aug  3 23:35:58 2023]
Finished job 0.
4 of 4 steps (100%) done
Complete log: /project/6069942/PLASMIDS/ARETE_PLASMIDS_PAPER/exp/mlplasmids_gplas2/aux_100/SAMN32247327/.snakemake/log/2023-08-03T233246.033371.snakemake.log
Building DAG of jobs...
Unlocking working directory.
Building DAG of jobs...
Using shell: /cvmfs/soft.computecanada.ca/gentoo/2020/bin/bash
Provided cores: 1
Rules claiming more threads will be scaled down.
Job counts:
	count	jobs
	1	combine_solutions
	1	extract_unbinned_solutions
	1	gplas_coocurr_final
	1	gplas_paths_bold
	4

[Thu Aug  3 23:36:00 2023]
Job 8: Searching for plasmid-like walks using a greedy approach

[Thu Aug  3 23:38:37 2023]
Finished job 8.
1 of 4 steps (25%) done

[Thu Aug  3 23:38:37 2023]
Job 5: Extracting unbinned nodes from the initial run

[Thu Aug  3 23:38:37 2023]
Finished job 5.
2 of 4 steps (50%) done

[Thu Aug  3 23:38:37 2023]
Job 3: Combinning walks from normal and bold modes

[Thu Aug  3 23:38:44 2023]
Finished job 3.
3 of 4 steps (75%) done

[Thu Aug  3 23:38:44 2023]
Job 0: Generating weights for the set of new edges connecting plasmid unitigs

[Thu Aug  3 23:39:09 2023]
Finished job 0.
4 of 4 steps (100%) done
Complete log: /project/6069942/PLASMIDS/ARETE_PLASMIDS_PAPER/exp/mlplasmids_gplas2/aux_100/SAMN32247327/.snakemake/log/2023-08-03T233559.841011.snakemake.log
Building DAG of jobs...
Unlocking working directory.
Building DAG of jobs...
Using shell: /cvmfs/soft.computecanada.ca/gentoo/2020/bin/bash
Provided cores: 1
Rules claiming more threads will be scaled down.
Job counts:
	count	jobs
	1	gplas_coocurr_repeats
	1	gplas_paths_repeats
	2

[Thu Aug  3 23:39:48 2023]
Job 3: Searching for plasmid-like walks using a greedy approach

[Thu Aug  3 23:40:02 2023]
Finished job 3.
1 of 2 steps (50%) done

[Thu Aug  3 23:40:02 2023]
Job 0: Generating weights for the set of new edges connecting plasmid unitigs

[Thu Aug  3 23:40:11 2023]
Finished job 0.
2 of 2 steps (100%) done
Complete log: /project/6069942/PLASMIDS/ARETE_PLASMIDS_PAPER/exp/mlplasmids_gplas2/aux_100/SAMN32247327/.snakemake/log/2023-08-03T233948.767858.snakemake.log
