Building DAG of jobs...
Unlocking working directory.
Building DAG of jobs...
Using shell: /cvmfs/soft.computecanada.ca/gentoo/2020/bin/bash
Provided cores: 1
Rules claiming more threads will be scaled down.
Job counts:
	count	jobs
	1	awk_nodes
	1

[Thu Aug  3 19:45:26 2023]
Job 0: Extracting the nodes from the graph /home/chauvec/projects/ctb-chauvec/PLASMIDS/ARETE_PLASMIDS_PAPER/data/EColi_unicycler/SAMN32247444/assembly.gfa

[Thu Aug  3 19:45:27 2023]
Finished job 0.
1 of 1 steps (100%) done
Complete log: /project/6069942/PLASMIDS/ARETE_PLASMIDS_PAPER/exp/mlplasmids_gplas2/aux/SAMN32247444/.snakemake/log/2023-08-03T194526.460369.snakemake.log
Building DAG of jobs...
Unlocking working directory.
Building DAG of jobs...
Nothing to be done.
Complete log: /project/6069942/PLASMIDS/ARETE_PLASMIDS_PAPER/exp/mlplasmids_gplas2/aux/SAMN32247444/.snakemake/log/2023-08-03T194553.289488.snakemake.log
Building DAG of jobs...
Unlocking working directory.
Building DAG of jobs...
Using shell: /cvmfs/soft.computecanada.ca/gentoo/2020/bin/bash
Provided cores: 1
Rules claiming more threads will be scaled down.
Job counts:
	count	jobs
	1	awk_links
	1	gplas_coocurr
	1	gplas_coverage
	1	gplas_paths
	4

[Thu Aug  3 19:46:04 2023]
Job 4: Extracting the links from the graph /home/chauvec/projects/ctb-chauvec/PLASMIDS/ARETE_PLASMIDS_PAPER/data/EColi_unicycler/SAMN32247444/assembly.gfa

[Thu Aug  3 19:46:04 2023]
Finished job 4.
1 of 4 steps (25%) done

[Thu Aug  3 19:46:04 2023]
Job 2: Extracting the sd k-mer coverage from the chromosome-predicted contigs

Warning message:
In .Call2("fasta_index", filexp_list, nrec, skip, seek.first.rec,  :
  reading FASTA file gplas_input/SAMN32247444_raw_nodes.fasta: ignored 5 invalid one-letter sequence codes
Warning message:
NAs introduced by coercion 
[Thu Aug  3 19:46:23 2023]
Finished job 2.
2 of 4 steps (50%) done

[Thu Aug  3 19:46:23 2023]
Job 3: Searching for plasmid-like walks using a greedy approach

[Thu Aug  3 19:49:13 2023]
Finished job 3.
3 of 4 steps (75%) done

[Thu Aug  3 19:49:13 2023]
Job 0: Generating weights for the set of new edges connecting plasmid unitigs

Warning message:
In .Call2("fasta_index", filexp_list, nrec, skip, seek.first.rec,  :
  reading FASTA file gplas_input/SAMN32247444_raw_nodes.fasta: ignored 5 invalid one-letter sequence codes
[Thu Aug  3 19:49:40 2023]
Finished job 0.
4 of 4 steps (100%) done
Complete log: /project/6069942/PLASMIDS/ARETE_PLASMIDS_PAPER/exp/mlplasmids_gplas2/aux/SAMN32247444/.snakemake/log/2023-08-03T194603.849060.snakemake.log
Building DAG of jobs...
Unlocking working directory.
Building DAG of jobs...
Using shell: /cvmfs/soft.computecanada.ca/gentoo/2020/bin/bash
Provided cores: 1
Rules claiming more threads will be scaled down.
Job counts:
	count	jobs
	1	combine_solutions
	1	extract_unbinned_solutions
	1	gplas_coocurr_final
	1	gplas_paths_bold
	4

[Thu Aug  3 19:49:42 2023]
Job 8: Searching for plasmid-like walks using a greedy approach

[Thu Aug  3 19:52:48 2023]
Finished job 8.
1 of 4 steps (25%) done

[Thu Aug  3 19:52:48 2023]
Job 5: Extracting unbinned nodes from the initial run

[Thu Aug  3 19:52:48 2023]
Finished job 5.
2 of 4 steps (50%) done

[Thu Aug  3 19:52:48 2023]
Job 3: Combinning walks from normal and bold modes

[Thu Aug  3 19:52:48 2023]
Finished job 3.
3 of 4 steps (75%) done

[Thu Aug  3 19:52:48 2023]
Job 0: Generating weights for the set of new edges connecting plasmid unitigs

Warning message:
In .Call2("fasta_index", filexp_list, nrec, skip, seek.first.rec,  :
  reading FASTA file gplas_input/SAMN32247444_raw_nodes.fasta: ignored 5 invalid one-letter sequence codes
[Thu Aug  3 19:53:17 2023]
Finished job 0.
4 of 4 steps (100%) done
Complete log: /project/6069942/PLASMIDS/ARETE_PLASMIDS_PAPER/exp/mlplasmids_gplas2/aux/SAMN32247444/.snakemake/log/2023-08-03T194942.533241.snakemake.log
Building DAG of jobs...
Unlocking working directory.
Building DAG of jobs...
Using shell: /cvmfs/soft.computecanada.ca/gentoo/2020/bin/bash
Provided cores: 1
Rules claiming more threads will be scaled down.
Job counts:
	count	jobs
	1	gplas_coocurr_repeats
	1	gplas_paths_repeats
	2

[Thu Aug  3 19:53:20 2023]
Job 3: Searching for plasmid-like walks using a greedy approach

[Thu Aug  3 19:53:48 2023]
Finished job 3.
1 of 2 steps (50%) done

[Thu Aug  3 19:53:48 2023]
Job 0: Generating weights for the set of new edges connecting plasmid unitigs

Warning message:
In .Call2("fasta_index", filexp_list, nrec, skip, seek.first.rec,  :
  reading FASTA file gplas_input/SAMN32247444_raw_nodes.fasta: ignored 5 invalid one-letter sequence codes
[Thu Aug  3 19:54:15 2023]
Finished job 0.
2 of 2 steps (100%) done
Complete log: /project/6069942/PLASMIDS/ARETE_PLASMIDS_PAPER/exp/mlplasmids_gplas2/aux/SAMN32247444/.snakemake/log/2023-08-03T195319.712676.snakemake.log
